<?xml version="1.0" encoding="UTF-8"?>
<coverage generated="1666611815439" clover="3.2.0">
  <project timestamp="1666611815440" name="All files">
    <metrics statements="23" coveredstatements="15" conditionals="4" coveredconditionals="0" methods="7" coveredmethods="2" elements="34" coveredelements="17" complexity="0" loc="23" ncloc="23" packages="3" files="4" classes="4"/>
    <package name="components">
      <metrics statements="13" coveredstatements="6" conditionals="4" coveredconditionals="0" methods="6" coveredmethods="2"/>
      <file name="FloatingButton.js" path="/Users/taslim/Documents/InnowaveTestApp/app/components/FloatingButton.js">
        <metrics statements="3" coveredstatements="3" conditionals="0" coveredconditionals="0" methods="1" coveredmethods="1"/>
        <line num="4" count="1" type="stmt"/>
        <line num="5" count="1" type="stmt"/>
        <line num="12" count="1" type="stmt"/>
      </file>
      <file name="Header.js" path="/Users/taslim/Documents/InnowaveTestApp/app/components/Header.js">
        <metrics statements="10" coveredstatements="3" conditionals="4" coveredconditionals="0" methods="5" coveredmethods="1"/>
        <line num="13" count="1" type="stmt"/>
        <line num="14" count="1" type="stmt"/>
        <line num="15" count="0" type="stmt"/>
        <line num="16" count="0" type="stmt"/>
        <line num="18" count="0" type="stmt"/>
        <line num="19" count="0" type="stmt"/>
        <line num="22" count="0" type="stmt"/>
        <line num="23" count="0" type="stmt"/>
        <line num="26" count="0" type="stmt"/>
        <line num="48" count="1" type="stmt"/>
      </file>
    </package>
    <package name="redux">
      <metrics statements="8" coveredstatements="8" conditionals="0" coveredconditionals="0" methods="0" coveredmethods="0"/>
      <file name="constant.js" path="/Users/taslim/Documents/InnowaveTestApp/app/redux/constant.js">
        <metrics statements="8" coveredstatements="8" conditionals="0" coveredconditionals="0" methods="0" coveredmethods="0"/>
        <line num="1" count="1" type="stmt"/>
        <line num="2" count="1" type="stmt"/>
        <line num="3" count="1" type="stmt"/>
        <line num="4" count="1" type="stmt"/>
        <line num="5" count="1" type="stmt"/>
        <line num="6" count="1" type="stmt"/>
        <line num="7" count="1" type="stmt"/>
        <line num="8" count="1" type="stmt"/>
      </file>
    </package>
    <package name="redux.actions">
      <metrics statements="2" coveredstatements="1" conditionals="0" coveredconditionals="0" methods="1" coveredmethods="0"/>
      <file name="themeAction.js" path="/Users/taslim/Documents/InnowaveTestApp/app/redux/actions/themeAction.js">
        <metrics statements="2" coveredstatements="1" conditionals="0" coveredconditionals="0" methods="1" coveredmethods="0"/>
        <line num="3" count="1" type="stmt"/>
        <line num="4" count="0" type="stmt"/>
      </file>
    </package>
  </project>
</coverage>
