{"/Users/taslim/Documents/InnowaveTestApp/app/components/FloatingButton.js": {"path":"/Users/taslim/Documents/InnowaveTestApp/app/components/FloatingButton.js","statementMap":{"0":{"start":{"line":4,"column":23},"end":{"line":10,"column":1}},"1":{"start":{"line":5,"column":4},"end":{"line":9,"column":5}},"2":{"start":{"line":12,"column":15},"end":{"line":29,"column":2}}},"fnMap":{"0":{"name":"(anonymous_0)","decl":{"start":{"line":4,"column":23},"end":{"line":4,"column":24}},"loc":{"start":{"line":4,"column":38},"end":{"line":10,"column":1}},"line":4}},"branchMap":{},"s":{"0":1,"1":1,"2":1},"f":{"0":1},"b":{},"_coverageSchema":"1a1c01bbd47fc00a2c39e90264f33305004495a9","hash":"f77146dcd849653fab8af273e14f80d01437ffe5"}
,"/Users/taslim/Documents/InnowaveTestApp/app/components/Header.js": {"path":"/Users/taslim/Documents/InnowaveTestApp/app/components/Header.js","statementMap":{"0":{"start":{"line":13,"column":15},"end":{"line":46,"column":1}},"1":{"start":{"line":14,"column":19},"end":{"line":14,"column":32}},"2":{"start":{"line":15,"column":36},"end":{"line":15,"column":52}},"3":{"start":{"line":16,"column":23},"end":{"line":16,"column":74}},"4":{"start":{"line":16,"column":29},"end":{"line":16,"column":74}},"5":{"start":{"line":16,"column":59},"end":{"line":16,"column":73}},"6":{"start":{"line":18,"column":2},"end":{"line":20,"column":18}},"7":{"start":{"line":19,"column":4},"end":{"line":19,"column":46}},"8":{"start":{"line":22,"column":2},"end":{"line":24,"column":14}},"9":{"start":{"line":23,"column":4},"end":{"line":23,"column":25}},"10":{"start":{"line":26,"column":2},"end":{"line":45,"column":4}},"11":{"start":{"line":48,"column":15},"end":{"line":68,"column":2}}},"fnMap":{"0":{"name":"(anonymous_0)","decl":{"start":{"line":13,"column":15},"end":{"line":13,"column":16}},"loc":{"start":{"line":13,"column":49},"end":{"line":46,"column":1}},"line":13},"1":{"name":"(anonymous_1)","decl":{"start":{"line":16,"column":23},"end":{"line":16,"column":24}},"loc":{"start":{"line":16,"column":29},"end":{"line":16,"column":74}},"line":16},"2":{"name":"(anonymous_2)","decl":{"start":{"line":16,"column":42},"end":{"line":16,"column":43}},"loc":{"start":{"line":16,"column":59},"end":{"line":16,"column":73}},"line":16},"3":{"name":"(anonymous_3)","decl":{"start":{"line":18,"column":12},"end":{"line":18,"column":13}},"loc":{"start":{"line":18,"column":18},"end":{"line":20,"column":3}},"line":18},"4":{"name":"(anonymous_4)","decl":{"start":{"line":22,"column":12},"end":{"line":22,"column":13}},"loc":{"start":{"line":22,"column":18},"end":{"line":24,"column":3}},"line":22}},"branchMap":{"0":{"loc":{"start":{"line":28,"column":7},"end":{"line":34,"column":7}},"type":"binary-expr","locations":[{"start":{"line":28,"column":7},"end":{"line":28,"column":18}},{"start":{"line":29,"column":8},"end":{"line":33,"column":27}}],"line":28},"1":{"loc":{"start":{"line":39,"column":20},"end":{"line":39,"column":53}},"type":"cond-expr","locations":[{"start":{"line":39,"column":32},"end":{"line":39,"column":41}},{"start":{"line":39,"column":44},"end":{"line":39,"column":53}}],"line":39}},"s":{"0":1,"1":1,"2":0,"3":0,"4":0,"5":0,"6":0,"7":0,"8":0,"9":0,"10":0,"11":1},"f":{"0":1,"1":0,"2":0,"3":0,"4":0},"b":{"0":[0,0],"1":[0,0]},"_coverageSchema":"1a1c01bbd47fc00a2c39e90264f33305004495a9","hash":"1c2b6828c473e7778d81fe45f83a86be1650fb35"}
,"/Users/taslim/Documents/InnowaveTestApp/app/redux/constant.js": {"path":"/Users/taslim/Documents/InnowaveTestApp/app/redux/constant.js","statementMap":{"0":{"start":{"line":1,"column":24},"end":{"line":1,"column":36}},"1":{"start":{"line":2,"column":24},"end":{"line":2,"column":36}},"2":{"start":{"line":3,"column":27},"end":{"line":3,"column":42}},"3":{"start":{"line":4,"column":27},"end":{"line":4,"column":42}},"4":{"start":{"line":5,"column":23},"end":{"line":5,"column":34}},"5":{"start":{"line":6,"column":31},"end":{"line":6,"column":50}},"6":{"start":{"line":7,"column":25},"end":{"line":7,"column":38}},"7":{"start":{"line":8,"column":26},"end":{"line":8,"column":40}}},"fnMap":{},"branchMap":{},"s":{"0":1,"1":1,"2":1,"3":1,"4":1,"5":1,"6":1,"7":1},"f":{},"b":{},"_coverageSchema":"1a1c01bbd47fc00a2c39e90264f33305004495a9","hash":"b94e5dfa96b5233eab220b111524b2fb4f653605"}
,"/Users/taslim/Documents/InnowaveTestApp/app/redux/actions/themeAction.js": {"path":"/Users/taslim/Documents/InnowaveTestApp/app/redux/actions/themeAction.js","statementMap":{"0":{"start":{"line":3,"column":36},"end":{"line":8,"column":1}},"1":{"start":{"line":4,"column":4},"end":{"line":7,"column":5}}},"fnMap":{"0":{"name":"(anonymous_0)","decl":{"start":{"line":3,"column":36},"end":{"line":3,"column":37}},"loc":{"start":{"line":3,"column":47},"end":{"line":8,"column":1}},"line":3}},"branchMap":{},"s":{"0":1,"1":0},"f":{"0":0},"b":{},"_coverageSchema":"1a1c01bbd47fc00a2c39e90264f33305004495a9","hash":"e0e297e9cf1a2883f8e31750a2ccbfb3d1b6e219"}
}
